{"total": {"lines":{"total":322,"covered":242,"skipped":0,"pct":75.15},"statements":{"total":322,"covered":242,"skipped":0,"pct":75.15},"functions":{"total":32,"covered":31,"skipped":0,"pct":96.87},"branches":{"total":64,"covered":61,"skipped":0,"pct":95.31},"branchesTrue":{"total":0,"covered":0,"skipped":0,"pct":100}}
,"/home/ale/Documents/proyectos/juntandotodo/Semana-3-microservicio-Consumer/src/processor.ts": {"lines":{"total":10,"covered":10,"skipped":0,"pct":100},"functions":{"total":2,"covered":2,"skipped":0,"pct":100},"statements":{"total":10,"covered":10,"skipped":0,"pct":100},"branches":{"total":4,"covered":4,"skipped":0,"pct":100}}
,"/home/ale/Documents/proyectos/juntandotodo/Semana-3-microservicio-Consumer/src/messaging/IConnectionManager.ts": {"lines":{"total":0,"covered":0,"skipped":0,"pct":0},"functions":{"total":1,"covered":1,"skipped":0,"pct":0},"statements":{"total":0,"covered":0,"skipped":0,"pct":0},"branches":{"total":1,"covered":1,"skipped":0,"pct":0}}
,"/home/ale/Documents/proyectos/juntandotodo/Semana-3-microservicio-Consumer/src/messaging/MessageHandler.ts": {"lines":{"total":88,"covered":88,"skipped":0,"pct":100},"functions":{"total":3,"covered":3,"skipped":0,"pct":100},"statements":{"total":88,"covered":88,"skipped":0,"pct":100},"branches":{"total":25,"covered":23,"skipped":0,"pct":92}}
,"/home/ale/Documents/proyectos/juntandotodo/Semana-3-microservicio-Consumer/src/messaging/RabbitMQConnectionManager.ts": {"lines":{"total":80,"covered":0,"skipped":0,"pct":0},"functions":{"total":1,"covered":0,"skipped":0,"pct":0},"statements":{"total":80,"covered":0,"skipped":0,"pct":0},"branches":{"total":1,"covered":0,"skipped":0,"pct":0}}
,"/home/ale/Documents/proyectos/juntandotodo/Semana-3-microservicio-Consumer/src/repositories/IIncidentRepository.ts": {"lines":{"total":0,"covered":0,"skipped":0,"pct":0},"functions":{"total":1,"covered":1,"skipped":0,"pct":0},"statements":{"total":0,"covered":0,"skipped":0,"pct":0},"branches":{"total":1,"covered":1,"skipped":0,"pct":0}}
,"/home/ale/Documents/proyectos/juntandotodo/Semana-3-microservicio-Consumer/src/repositories/InMemoryIncidentRepository.ts": {"lines":{"total":9,"covered":9,"skipped":0,"pct":100},"functions":{"total":2,"covered":2,"skipped":0,"pct":100},"statements":{"total":9,"covered":9,"skipped":0,"pct":100},"branches":{"total":2,"covered":2,"skipped":0,"pct":100}}
,"/home/ale/Documents/proyectos/juntandotodo/Semana-3-microservicio-Consumer/src/strategies/CriticalServiceStrategy.ts": {"lines":{"total":7,"covered":7,"skipped":0,"pct":100},"functions":{"total":2,"covered":2,"skipped":0,"pct":100},"statements":{"total":7,"covered":7,"skipped":0,"pct":100},"branches":{"total":2,"covered":2,"skipped":0,"pct":100}}
,"/home/ale/Documents/proyectos/juntandotodo/Semana-3-microservicio-Consumer/src/strategies/DefaultPriorityStrategy.ts": {"lines":{"total":7,"covered":7,"skipped":0,"pct":100},"functions":{"total":2,"covered":2,"skipped":0,"pct":100},"statements":{"total":7,"covered":7,"skipped":0,"pct":100},"branches":{"total":2,"covered":2,"skipped":0,"pct":100}}
,"/home/ale/Documents/proyectos/juntandotodo/Semana-3-microservicio-Consumer/src/strategies/DegradedServiceStrategy.ts": {"lines":{"total":10,"covered":10,"skipped":0,"pct":100},"functions":{"total":2,"covered":2,"skipped":0,"pct":100},"statements":{"total":10,"covered":10,"skipped":0,"pct":100},"branches":{"total":2,"covered":2,"skipped":0,"pct":100}}
,"/home/ale/Documents/proyectos/juntandotodo/Semana-3-microservicio-Consumer/src/strategies/IPriorityStrategy.ts": {"lines":{"total":0,"covered":0,"skipped":0,"pct":0},"functions":{"total":1,"covered":1,"skipped":0,"pct":0},"statements":{"total":0,"covered":0,"skipped":0,"pct":0},"branches":{"total":1,"covered":1,"skipped":0,"pct":0}}
,"/home/ale/Documents/proyectos/juntandotodo/Semana-3-microservicio-Consumer/src/strategies/MinorIssuesStrategy.ts": {"lines":{"total":10,"covered":10,"skipped":0,"pct":100},"functions":{"total":2,"covered":2,"skipped":0,"pct":100},"statements":{"total":10,"covered":10,"skipped":0,"pct":100},"branches":{"total":2,"covered":2,"skipped":0,"pct":100}}
,"/home/ale/Documents/proyectos/juntandotodo/Semana-3-microservicio-Consumer/src/strategies/PriorityResolver.ts": {"lines":{"total":24,"covered":24,"skipped":0,"pct":100},"functions":{"total":2,"covered":2,"skipped":0,"pct":100},"statements":{"total":24,"covered":24,"skipped":0,"pct":100},"branches":{"total":5,"covered":5,"skipped":0,"pct":100}}
,"/home/ale/Documents/proyectos/juntandotodo/Semana-3-microservicio-Consumer/src/strategies/index.ts": {"lines":{"total":1,"covered":1,"skipped":0,"pct":100},"functions":{"total":0,"covered":0,"skipped":0,"pct":100},"statements":{"total":1,"covered":1,"skipped":0,"pct":100},"branches":{"total":0,"covered":0,"skipped":0,"pct":100}}
,"/home/ale/Documents/proyectos/juntandotodo/Semana-3-microservicio-Consumer/src/types/index.ts": {"lines":{"total":15,"covered":15,"skipped":0,"pct":100},"functions":{"total":0,"covered":0,"skipped":0,"pct":100},"statements":{"total":15,"covered":15,"skipped":0,"pct":100},"branches":{"total":3,"covered":3,"skipped":0,"pct":100}}
,"/home/ale/Documents/proyectos/juntandotodo/Semana-3-microservicio-Consumer/src/utils/ExponentialBackoff.ts": {"lines":{"total":33,"covered":33,"skipped":0,"pct":100},"functions":{"total":4,"covered":4,"skipped":0,"pct":100},"statements":{"total":33,"covered":33,"skipped":0,"pct":100},"branches":{"total":5,"covered":5,"skipped":0,"pct":100}}
,"/home/ale/Documents/proyectos/juntandotodo/Semana-3-microservicio-Consumer/src/utils/ILogger.ts": {"lines":{"total":0,"covered":0,"skipped":0,"pct":0},"functions":{"total":1,"covered":1,"skipped":0,"pct":0},"statements":{"total":0,"covered":0,"skipped":0,"pct":0},"branches":{"total":1,"covered":1,"skipped":0,"pct":0}}
,"/home/ale/Documents/proyectos/juntandotodo/Semana-3-microservicio-Consumer/src/utils/metrics.ts": {"lines":{"total":24,"covered":24,"skipped":0,"pct":100},"functions":{"total":5,"covered":5,"skipped":0,"pct":100},"statements":{"total":24,"covered":24,"skipped":0,"pct":100},"branches":{"total":5,"covered":5,"skipped":0,"pct":100}}
,"/home/ale/Documents/proyectos/juntandotodo/Semana-3-microservicio-Consumer/src/utils/typeGuards.ts": {"lines":{"total":4,"covered":4,"skipped":0,"pct":100},"functions":{"total":1,"covered":1,"skipped":0,"pct":100},"statements":{"total":4,"covered":4,"skipped":0,"pct":100},"branches":{"total":2,"covered":2,"skipped":0,"pct":100}}
}
