TN:
SF:src/processor.ts
FN:23,determinePriority
FN:42,determineStatus
FNF:2
FNH:2
FNDA:22,determinePriority
FNDA:20,determineStatus
DA:1,1
DA:8,1
DA:23,1
DA:24,22
DA:25,22
DA:42,1
DA:43,20
DA:44,4
DA:45,16
DA:46,20
LF:10
LH:10
BRDA:23,0,0,22
BRDA:42,1,0,20
BRDA:43,2,0,4
BRDA:44,3,0,16
BRF:4
BRH:4
end_of_record
TN:
SF:src/messaging/IConnectionManager.ts
FN:1,(empty-report)
FNF:1
FNH:1
FNDA:1,(empty-report)
LF:0
LH:0
BRDA:1,0,0,1
BRF:1
BRH:1
end_of_record
TN:
SF:src/messaging/MessageHandler.ts
FN:47,MessageHandler
FN:57,getRetryCount
FN:82,handle
FNF:3
FNH:3
FNDA:22,MessageHandler
FNDA:9,getRetryCount
FNDA:21,handle
DA:1,1
DA:32,1
DA:38,1
DA:47,1
DA:48,22
DA:49,22
DA:50,22
DA:51,22
DA:57,1
DA:58,9
DA:59,9
DA:60,3
DA:61,3
DA:62,9
DA:63,9
DA:82,1
DA:83,21
DA:84,2
DA:85,2
DA:87,21
DA:89,21
DA:90,21
DA:91,21
DA:93,21
DA:94,4
DA:95,4
DA:96,4
DA:97,4
DA:99,4
DA:100,4
DA:101,4
DA:102,4
DA:104,10
DA:106,21
DA:107,2
DA:108,2
DA:109,2
DA:110,2
DA:111,2
DA:112,2
DA:113,2
DA:114,2
DA:116,8
DA:117,8
DA:119,8
DA:120,8
DA:121,8
DA:122,21
DA:123,21
DA:124,21
DA:125,21
DA:126,21
DA:127,21
DA:128,21
DA:129,21
DA:132,21
DA:134,4
DA:135,4
DA:136,4
DA:137,4
DA:138,4
DA:139,4
DA:141,4
DA:142,4
DA:143,21
DA:144,9
DA:145,9
DA:147,9
DA:148,5
DA:149,5
DA:150,5
DA:151,5
DA:152,5
DA:153,5
DA:155,5
DA:156,5
DA:157,7
DA:158,4
DA:159,4
DA:160,4
DA:161,4
DA:162,4
DA:164,4
DA:165,4
DA:166,4
DA:167,9
DA:168,21
DA:169,1
LF:88
LH:88
BRDA:47,0,0,22
BRDA:57,1,0,9
BRDA:59,2,0,3
BRDA:59,3,0,3
BRDA:61,4,0,6
BRDA:62,5,0,4
BRDA:60,6,0,4
BRDA:60,7,0,0
BRDA:82,8,0,21
BRDA:83,9,0,2
BRDA:85,10,0,19
BRDA:87,11,0,1
BRDA:93,12,0,12
BRDA:93,13,0,4
BRDA:102,14,0,10
BRDA:106,15,0,3
BRDA:106,16,0,2
BRDA:114,17,0,8
BRDA:122,18,0,3
BRDA:132,19,0,4
BRDA:143,20,0,9
BRDA:144,21,0,0
BRDA:147,22,0,7
BRDA:147,23,0,5
BRDA:157,24,0,4
BRF:25
BRH:23
end_of_record
TN:
SF:src/messaging/RabbitMQConnectionManager.ts
FN:1,(empty-report)
FNF:1
FNH:0
FNDA:0,(empty-report)
DA:1,0
DA:6,0
DA:7,0
DA:8,0
DA:9,0
DA:10,0
DA:13,0
DA:15,0
DA:17,0
DA:19,0
DA:43,0
DA:45,0
DA:47,0
DA:49,0
DA:52,0
DA:61,0
DA:62,0
DA:63,0
DA:64,0
DA:65,0
DA:66,0
DA:74,0
DA:75,0
DA:76,0
DA:89,0
DA:90,0
DA:91,0
DA:92,0
DA:94,0
DA:95,0
DA:96,0
DA:99,0
DA:100,0
DA:101,0
DA:102,0
DA:105,0
DA:106,0
DA:109,0
DA:110,0
DA:111,0
DA:112,0
DA:113,0
DA:114,0
DA:115,0
DA:117,0
DA:119,0
DA:120,0
DA:129,0
DA:130,0
DA:131,0
DA:132,0
DA:133,0
DA:134,0
DA:135,0
DA:136,0
DA:137,0
DA:138,0
DA:139,0
DA:140,0
DA:141,0
DA:142,0
DA:143,0
DA:144,0
DA:147,0
DA:148,0
DA:149,0
DA:152,0
DA:153,0
DA:154,0
DA:167,0
DA:168,0
DA:169,0
DA:170,0
DA:171,0
DA:172,0
DA:174,0
DA:175,0
DA:176,0
DA:177,0
DA:178,0
LF:80
LH:0
BRDA:1,0,0,0
BRF:1
BRH:0
end_of_record
TN:
SF:src/repositories/IIncidentRepository.ts
FN:1,(empty-report)
FNF:1
FNH:1
FNDA:1,(empty-report)
LF:0
LH:0
BRDA:1,0,0,1
BRF:1
BRH:1
end_of_record
TN:
SF:src/repositories/InMemoryIncidentRepository.ts
FN:19,InMemoryIncidentRepository
FN:29,save
FNF:2
FNH:2
FNDA:3,InMemoryIncidentRepository
FNDA:6,save
DA:1,1
DA:19,1
DA:21,3
DA:29,1
DA:30,6
DA:31,6
DA:32,6
DA:33,6
DA:34,1
LF:9
LH:9
BRDA:19,0,0,3
BRDA:29,1,0,6
BRF:2
BRH:2
end_of_record
TN:
SF:src/strategies/CriticalServiceStrategy.ts
FN:16,CriticalServiceStrategy
FN:27,calculate
FNF:2
FNH:2
FNDA:4,CriticalServiceStrategy
FNDA:11,calculate
DA:1,1
DA:16,1
DA:18,4
DA:27,1
DA:28,11
DA:29,11
DA:30,1
LF:7
LH:7
BRDA:16,0,0,4
BRDA:27,1,0,11
BRF:2
BRH:2
end_of_record
TN:
SF:src/strategies/DefaultPriorityStrategy.ts
FN:19,DefaultPriorityStrategy
FN:29,calculate
FNF:2
FNH:2
FNDA:4,DefaultPriorityStrategy
FNDA:6,calculate
DA:1,1
DA:19,1
DA:21,4
DA:29,1
DA:30,6
DA:31,6
DA:32,1
LF:7
LH:7
BRDA:19,0,0,4
BRDA:29,1,0,6
BRF:2
BRH:2
end_of_record
TN:
SF:src/strategies/DegradedServiceStrategy.ts
FN:19,DegradedServiceStrategy
FN:32,calculate
FNF:2
FNH:2
FNDA:4,DegradedServiceStrategy
FNDA:6,calculate
DA:1,1
DA:19,1
DA:21,4
DA:22,4
DA:23,4
DA:24,4
DA:32,1
DA:33,6
DA:34,6
DA:35,1
LF:10
LH:10
BRDA:19,0,0,4
BRDA:32,1,0,6
BRF:2
BRH:2
end_of_record
TN:
SF:src/strategies/IPriorityStrategy.ts
FN:1,(empty-report)
FNF:1
FNH:1
FNDA:1,(empty-report)
LF:0
LH:0
BRDA:1,0,0,1
BRF:1
BRH:1
end_of_record
TN:
SF:src/strategies/MinorIssuesStrategy.ts
FN:19,MinorIssuesStrategy
FN:32,calculate
FNF:2
FNH:2
FNDA:4,MinorIssuesStrategy
FNDA:6,calculate
DA:1,1
DA:19,1
DA:21,4
DA:22,4
DA:23,4
DA:24,4
DA:32,1
DA:33,6
DA:34,6
DA:35,1
LF:10
LH:10
BRDA:19,0,0,4
BRDA:32,1,0,6
BRF:2
BRH:2
end_of_record
TN:
SF:src/strategies/PriorityResolver.ts
FN:26,PriorityResolver
FN:54,resolve
FNF:2
FNH:2
FNDA:4,PriorityResolver
FNDA:29,resolve
DA:1,1
DA:14,1
DA:26,1
DA:27,4
DA:28,4
DA:29,4
DA:32,4
DA:34,4
DA:35,4
DA:36,4
DA:37,4
DA:38,4
DA:40,4
DA:41,4
DA:42,12
DA:43,20
DA:44,20
DA:45,12
DA:46,4
DA:54,1
DA:57,29
DA:58,29
DA:59,29
DA:60,1
LF:24
LH:24
BRDA:26,0,0,4
BRDA:41,1,0,12
BRDA:42,2,0,20
BRDA:54,3,0,29
BRDA:57,4,0,6
BRF:5
BRH:5
end_of_record
TN:
SF:src/strategies/index.ts
FNF:0
FNH:0
DA:1,1
LF:1
LH:1
BRF:0
BRH:0
end_of_record
TN:
SF:src/types/index.ts
FNF:0
FNH:0
DA:18,1
DA:20,1
DA:22,1
DA:24,1
DA:26,1
DA:28,1
DA:30,1
DA:41,1
DA:43,1
DA:45,1
DA:47,1
DA:49,1
DA:61,1
DA:63,1
DA:65,1
LF:15
LH:15
BRDA:18,0,0,5
BRDA:41,1,0,5
BRDA:61,2,0,5
BRF:3
BRH:3
end_of_record
TN:
SF:src/utils/ExponentialBackoff.ts
FN:28,ExponentialBackoff
FN:34,getDelay
FN:45,scheduleRetry
FN:56,reset
FNF:4
FNH:4
FNDA:7,ExponentialBackoff
FNDA:14,getDelay
FNDA:14,scheduleRetry
FNDA:2,reset
DA:1,1
DA:13,1
DA:14,1
DA:15,1
DA:16,1
DA:17,1
DA:23,1
DA:24,1
DA:28,1
DA:29,7
DA:30,7
DA:31,7
DA:34,1
DA:35,14
DA:36,14
DA:37,14
DA:38,14
DA:40,14
DA:41,14
DA:42,14
DA:45,1
DA:46,14
DA:47,14
DA:48,14
DA:49,14
DA:50,14
DA:51,14
DA:52,14
DA:53,14
DA:56,1
DA:57,2
DA:58,2
DA:59,1
LF:33
LH:33
BRDA:28,0,0,7
BRDA:30,1,0,2
BRDA:34,2,0,14
BRDA:45,3,0,14
BRDA:56,4,0,2
BRF:5
BRH:5
end_of_record
TN:
SF:src/utils/ILogger.ts
FN:1,(empty-report)
FNF:1
FNH:1
FNDA:1,(empty-report)
LF:0
LH:0
BRDA:1,0,0,1
BRF:1
BRH:1
end_of_record
TN:
SF:src/utils/metrics.ts
FN:26,Metrics
FN:33,incrementProcessed
FN:38,incrementRejected
FN:43,incrementRetried
FN:51,getSnapshot
FNF:5
FNH:5
FNDA:2,Metrics
FNDA:4,incrementProcessed
FNDA:6,incrementRejected
FNDA:4,incrementRetried
FNDA:2,getSnapshot
DA:26,2
DA:27,2
DA:28,2
DA:29,2
DA:30,2
DA:33,1
DA:34,4
DA:35,4
DA:38,1
DA:39,6
DA:40,6
DA:43,1
DA:44,4
DA:45,4
DA:51,1
DA:52,2
DA:53,2
DA:54,2
DA:55,2
DA:56,2
DA:57,2
DA:58,2
DA:59,1
DA:65,1
LF:24
LH:24
BRDA:26,0,0,2
BRDA:33,1,0,4
BRDA:38,2,0,6
BRDA:43,3,0,4
BRDA:51,4,0,2
BRF:5
BRH:5
end_of_record
TN:
SF:src/utils/typeGuards.ts
FN:10,isIncidentType
FNF:1
FNH:1
FNDA:15,isIncidentType
DA:1,1
DA:3,1
DA:10,1
DA:11,15
LF:4
LH:4
BRDA:10,0,0,15
BRDA:11,1,0,14
BRF:2
BRH:2
end_of_record
